2025-01-30 12:33:44,611 - INFO - Connected to wss://stream.binance.com:9443/stream?streams=btcusdt@trade/btcusdc@trade/btcfdusd@trade/btctusd@trade
2025-01-30 12:36:01,072 - INFO - ***************************************** 
 Executing arbitrage between BTCUSDT and BTCTUSD (diff=0.13%)
2025-01-30 12:36:05,119 - INFO - BUY order placed for BTCUSDT: 0.00095 units at price ~ 105339.48
2025-01-30 12:36:05,120 - INFO - BTCUSDT order response: [{'price': '105339.48000000', 'qty': '0.00032000', 'commission': '0.00000000', 'commissionAsset': 'BTC', 'tradeId': 2082058}, {'price': '105339.50000000', 'qty': '0.00063000', 'commission': '0.00000000', 'commissionAsset': 'BTC', 'tradeId': 2082059}] 
2025-01-30 12:36:06,170 - INFO - Order 6661169 for BTCUSDT filled.
2025-01-30 12:36:08,590 - INFO - SELL order placed for BTCTUSD: 0.00095 units at price ~ 105429.39
2025-01-30 12:36:08,591 - INFO - BTCTUSD order response: [{'price': '105461.33000000', 'qty': '0.00095000', 'commission': '0.00000000', 'commissionAsset': 'TUSD', 'tradeId': 218888}] 
2025-01-30 12:36:09,410 - INFO - Order 1488213 for BTCTUSD filled.
2025-01-30 12:36:09,410 - INFO - Arbitrage executed successfully between BTCUSDT and BTCTUSD.
2025-01-30 12:36:09,410 - INFO - ***************************************** 
 Executing arbitrage between BTCUSDC and BTCTUSD (diff=0.14%)
2025-01-30 12:36:12,179 - INFO - BUY order placed for BTCUSDC: 0.00095 units at price ~ 105336.42
2025-01-30 12:36:12,179 - INFO - BTCUSDC order response: [{'price': '105336.43000000', 'qty': '0.00001000', 'commission': '0.00000000', 'commissionAsset': 'BTC', 'tradeId': 1056536}, {'price': '105337.91000000', 'qty': '0.00094000', 'commission': '0.00000000', 'commissionAsset': 'BTC', 'tradeId': 1056537}] 
2025-01-30 12:36:12,552 - INFO - Order 3402941 for BTCUSDC filled.
2025-01-30 12:36:14,691 - INFO - SELL order placed for BTCTUSD: 0.00095 units at price ~ 105461.33
2025-01-30 12:36:14,691 - INFO - BTCTUSD order response: [{'price': '105461.33000000', 'qty': '0.00095000', 'commission': '0.00000000', 'commissionAsset': 'TUSD', 'tradeId': 218889}] 
2025-01-30 12:36:15,060 - INFO - Order 1488223 for BTCTUSD filled.
2025-01-30 12:36:15,060 - INFO - Arbitrage executed successfully between BTCUSDC and BTCTUSD.
2025-01-30 12:36:15,060 - INFO - ***************************************** 
 Executing arbitrage between BTCUSDT and BTCTUSD (diff=0.13%)
2025-01-30 12:36:17,279 - INFO - BUY order placed for BTCUSDT: 0.00095 units at price ~ 105339.48
2025-01-30 12:36:17,280 - INFO - BTCUSDT order response: [{'price': '105339.48000000', 'qty': '0.00095000', 'commission': '0.00000000', 'commissionAsset': 'BTC', 'tradeId': 2082062}] 
2025-01-30 12:36:17,650 - INFO - Order 6661206 for BTCUSDT filled.
2025-01-30 12:36:19,295 - INFO - SELL order placed for BTCTUSD: 0.00095 units at price ~ 105461.33
2025-01-30 12:36:19,296 - INFO - BTCTUSD order response: [{'price': '105461.33000000', 'qty': '0.00095000', 'commission': '0.00000000', 'commissionAsset': 'TUSD', 'tradeId': 218890}] 
2025-01-30 12:36:19,649 - INFO - Order 1488226 for BTCTUSD filled.
2025-01-30 12:36:19,650 - INFO - Arbitrage executed successfully between BTCUSDT and BTCTUSD.
2025-01-30 12:36:20,109 - INFO - ***************************************** 
 Executing arbitrage between BTCUSDT and BTCTUSD (diff=0.11%)
2025-01-30 12:36:22,572 - INFO - BUY order placed for BTCUSDT: 0.00095 units at price ~ 105339.48
2025-01-30 12:36:22,573 - INFO - BTCUSDT order response: [{'price': '105341.46000000', 'qty': '0.00095000', 'commission': '0.00000000', 'commissionAsset': 'BTC', 'tradeId': 2082071}] 
2025-01-30 12:36:22,925 - INFO - Order 6661225 for BTCUSDT filled.
2025-01-30 12:36:24,290 - INFO - SELL order placed for BTCTUSD: 0.00095 units at price ~ 105461.33
2025-01-30 12:36:24,290 - INFO - BTCTUSD order response: [{'price': '105461.33000000', 'qty': '0.00095000', 'commission': '0.00000000', 'commissionAsset': 'TUSD', 'tradeId': 218891}] 
2025-01-30 12:36:24,653 - INFO - Order 1488228 for BTCTUSD filled.
2025-01-30 12:36:24,653 - INFO - Arbitrage executed successfully between BTCUSDT and BTCTUSD.
2025-01-30 12:36:25,181 - INFO - ***************************************** 
 Executing arbitrage between BTCUSDT and BTCTUSD (diff=0.11%)
2025-01-30 12:36:27,041 - INFO - BUY order placed for BTCUSDT: 0.00095 units at price ~ 105341.46
2025-01-30 12:36:27,041 - INFO - BTCUSDT order response: [{'price': '105340.02000000', 'qty': '0.00095000', 'commission': '0.00000000', 'commissionAsset': 'BTC', 'tradeId': 2082072}] 
2025-01-30 12:36:27,401 - INFO - Order 6661232 for BTCUSDT filled.
2025-01-30 12:36:28,731 - INFO - SELL order placed for BTCTUSD: 0.00095 units at price ~ 105461.33
2025-01-30 12:36:28,732 - INFO - BTCTUSD order response: [{'price': '105461.33000000', 'qty': '0.00080000', 'commission': '0.00000000', 'commissionAsset': 'TUSD', 'tradeId': 218892}, {'price': '105453.44000000', 'qty': '0.00015000', 'commission': '0.00000000', 'commissionAsset': 'TUSD', 'tradeId': 218893}] 
2025-01-30 12:36:29,080 - INFO - Order 1488229 for BTCTUSD filled.
2025-01-30 12:36:29,081 - INFO - Arbitrage executed successfully between BTCUSDT and BTCTUSD.
2025-01-30 12:36:30,235 - INFO - ***************************************** 
 Executing arbitrage between BTCUSDT and BTCTUSD (diff=0.11%)
2025-01-30 12:36:31,997 - INFO - BUY order placed for BTCUSDT: 0.00095 units at price ~ 105340.02
2025-01-30 12:36:31,998 - INFO - BTCUSDT order response: [{'price': '105339.48000000', 'qty': '0.00095000', 'commission': '0.00000000', 'commissionAsset': 'BTC', 'tradeId': 2082079}] 
2025-01-30 12:36:32,364 - INFO - Order 6661247 for BTCUSDT filled.
2025-01-30 12:36:33,928 - INFO - SELL order placed for BTCTUSD: 0.00095 units at price ~ 105453.44
2025-01-30 12:36:33,928 - INFO - BTCTUSD order response: [{'price': '105453.44000000', 'qty': '0.00095000', 'commission': '0.00000000', 'commissionAsset': 'TUSD', 'tradeId': 218894}] 
2025-01-30 12:36:34,270 - INFO - Order 1488236 for BTCTUSD filled.
2025-01-30 12:36:34,271 - INFO - Arbitrage executed successfully between BTCUSDT and BTCTUSD.
2025-01-30 12:36:35,237 - INFO - ***************************************** 
 Executing arbitrage between BTCUSDT and BTCTUSD (diff=0.11%)
2025-01-30 12:36:36,001 - INFO - Received exit signal (Ctrl+C). Shutting down...
2025-01-30 12:36:36,001 - INFO - WebSocket connection task cancelled.
2025-01-30 12:36:46,004 - INFO - Program terminated by user.
